# JRE version: OpenJDK Runtime Environment Temurin-17.0.17+10 (17.0.17+10) (build 17.0.17+10)
# Java VM: OpenJDK 64-Bit Server VM Temurin-17.0.17+10 (17.0.17+10, mixed mode, emulated-client, sharing, tiered, compressed oops, compressed class ptrs, g1 gc, windows-amd64)
GC Precious Log:
 CPUs: 8 total, 8 available
 Memory: 32466M
 Large Page Support: Disabled
 NUMA Support: Disabled
 Compressed Oops: Enabled (Zero based)
 Heap Region Size: 4M
 Heap Min Capacity: 8M
 Heap Initial Capacity: 508M
 Heap Max Capacity: 8120M
 Pre-touch: Disabled
 Parallel Workers: 8
 Concurrent Workers: 2
 Concurrent Refinement Workers: 8
 Periodic GC: Disabled
Heap:
 garbage-first heap   total 303104K, used 73876K [0x0000000604800000, 0x0000000800000000)
  region size 4096K, 2 young (8192K), 1 survivors (4096K)
 Metaspace       used 101274K, committed 102848K, reserved 1179648K
  class space    used 14335K, committed 15104K, reserved 1048576K
GC Heap History (20 events):
Event: 7.778 GC heap before
{Heap before GC invocations=17 (full 0):
 garbage-first heap   total 323584K, used 228392K [0x0000000604800000, 0x0000000800000000)
  region size 4096K, 47 young (192512K), 1 survivors (4096K)
 Metaspace       used 76878K, committed 77504K, reserved 1179648K
  class space    used 10973K, committed 11264K, reserved 1048576K
}
Event: 7.785 GC heap after
{Heap after GC invocations=18 (full 0):
 garbage-first heap   total 323584K, used 49501K [0x0000000604800000, 0x0000000800000000)
  region size 4096K, 3 young (12288K), 3 survivors (12288K)
 Metaspace       used 76878K, committed 77504K, reserved 1179648K
  class space    used 10973K, committed 11264K, reserved 1048576K
}
Event: 8.364 GC heap before
{Heap before GC invocations=18 (full 0):
 garbage-first heap   total 323584K, used 229725K [0x0000000604800000, 0x0000000800000000)
  region size 4096K, 47 young (192512K), 3 survivors (12288K)
 Metaspace       used 78560K, committed 79168K, reserved 1179648K
  class space    used 11180K, committed 11456K, reserved 1048576K
}
Event: 8.371 GC heap after
{Heap after GC invocations=19 (full 0):
 garbage-first heap   total 323584K, used 51491K [0x0000000604800000, 0x0000000800000000)
  region size 4096K, 4 young (16384K), 4 survivors (16384K)
 Metaspace       used 78560K, committed 79168K, reserved 1179648K
  class space    used 11180K, committed 11456K, reserved 1048576K
}
Event: 8.779 GC heap before
{Heap before GC invocations=19 (full 0):
 garbage-first heap   total 323584K, used 227619K [0x0000000604800000, 0x0000000800000000)
  region size 4096K, 47 young (192512K), 4 survivors (16384K)
 Metaspace       used 78941K, committed 79616K, reserved 1179648K
  class space    used 11244K, committed 11584K, reserved 1048576K
}
Event: 8.791 GC heap after
{Heap after GC invocations=20 (full 0):
 garbage-first heap   total 323584K, used 63007K [0x0000000604800000, 0x0000000800000000)
  region size 4096K, 6 young (24576K), 6 survivors (24576K)
 Metaspace       used 78941K, committed 79616K, reserved 1179648K
  class space    used 11244K, committed 11584K, reserved 1048576K
}
Event: 9.424 GC heap before
{Heap before GC invocations=20 (full 0):
 garbage-first heap   total 323584K, used 230943K [0x0000000604800000, 0x0000000800000000)
  region size 4096K, 47 young (192512K), 6 survivors (24576K)
 Metaspace       used 81573K, committed 82240K, reserved 1179648K
  class space    used 11549K, committed 11904K, reserved 1048576K
}
Event: 9.435 GC heap after
{Heap after GC invocations=21 (full 0):
 garbage-first heap   total 323584K, used 63936K [0x0000000604800000, 0x0000000800000000)
  region size 4096K, 4 young (16384K), 4 survivors (16384K)
 Metaspace       used 81573K, committed 82240K, reserved 1179648K
  class space    used 11549K, committed 11904K, reserved 1048576K
}
Event: 17.373 GC heap before
{Heap before GC invocations=21 (full 0):
 garbage-first heap   total 323584K, used 240064K [0x0000000604800000, 0x0000000800000000)
  region size 4096K, 47 young (192512K), 4 survivors (16384K)
 Metaspace       used 89335K, committed 90112K, reserved 1179648K
  class space    used 12581K, committed 12992K, reserved 1048576K
}
Event: 17.387 GC heap after
{Heap after GC invocations=22 (full 0):
 garbage-first heap   total 389120K, used 70110K [0x0000000604800000, 0x0000000800000000)
  region size 4096K, 5 young (20480K), 5 survivors (20480K)
 Metaspace       used 89335K, committed 90112K, reserved 1179648K
  class space    used 12581K, committed 12992K, reserved 1048576K
}
Event: 248.495 GC heap before
{Heap before GC invocations=22 (full 0):
 garbage-first heap   total 389120K, used 279006K [0x0000000604800000, 0x0000000800000000)
  region size 4096K, 57 young (233472K), 5 survivors (20480K)
 Metaspace       used 95984K, committed 97088K, reserved 1179648K
  class space    used 13610K, committed 14144K, reserved 1048576K
}
Event: 248.507 GC heap after
{Heap after GC invocations=23 (full 0):
 garbage-first heap   total 389120K, used 73873K [0x0000000604800000, 0x0000000800000000)
  region size 4096K, 5 young (20480K), 5 survivors (20480K)
 Metaspace       used 95984K, committed 97088K, reserved 1179648K
  class space    used 13610K, committed 14144K, reserved 1048576K
}
Event: 484.367 GC heap before
{Heap before GC invocations=23 (full 0):
 garbage-first heap   total 389120K, used 266385K [0x0000000604800000, 0x0000000800000000)
  region size 4096K, 53 young (217088K), 5 survivors (20480K)
 Metaspace       used 100259K, committed 101376K, reserved 1179648K
  class space    used 14123K, committed 14656K, reserved 1048576K
}
Event: 484.379 GC heap after
{Heap after GC invocations=24 (full 0):
 garbage-first heap   total 389120K, used 75941K [0x0000000604800000, 0x0000000800000000)
  region size 4096K, 5 young (20480K), 5 survivors (20480K)
 Metaspace       used 100259K, committed 101376K, reserved 1179648K
  class space    used 14123K, committed 14656K, reserved 1048576K
}
Event: 664.848 GC heap before
{Heap before GC invocations=25 (full 0):
 garbage-first heap   total 303104K, used 235685K [0x0000000604800000, 0x0000000800000000)
  region size 4096K, 44 young (180224K), 5 survivors (20480K)
 Metaspace       used 101274K, committed 102848K, reserved 1179648K
  class space    used 14335K, committed 15104K, reserved 1048576K
}
Event: 664.863 GC heap after
{Heap after GC invocations=26 (full 0):
 garbage-first heap   total 303104K, used 74932K [0x0000000604800000, 0x0000000800000000)
  region size 4096K, 4 young (16384K), 4 survivors (16384K)
 Metaspace       used 101274K, committed 102848K, reserved 1179648K
  class space    used 14335K, committed 15104K, reserved 1048576K
}
Event: 670.616 GC heap before
{Heap before GC invocations=26 (full 0):
 garbage-first heap   total 303104K, used 79028K [0x0000000604800000, 0x0000000800000000)
  region size 4096K, 5 young (20480K), 4 survivors (16384K)
 Metaspace       used 101274K, committed 102848K, reserved 1179648K
  class space    used 14335K, committed 15104K, reserved 1048576K
}
Event: 670.626 GC heap after
{Heap after GC invocations=27 (full 0):
 garbage-first heap   total 303104K, used 75280K [0x0000000604800000, 0x0000000800000000)
  region size 4096K, 1 young (4096K), 1 survivors (4096K)
 Metaspace       used 101274K, committed 102848K, reserved 1179648K
  class space    used 14335K, committed 15104K, reserved 1048576K
}
Event: 921.891 GC heap before
{Heap before GC invocations=27 (full 0):
 garbage-first heap   total 303104K, used 251408K [0x0000000604800000, 0x0000000800000000)
  region size 4096K, 44 young (180224K), 1 survivors (4096K)
 Metaspace       used 101274K, committed 102848K, reserved 1179648K
  class space    used 14335K, committed 15104K, reserved 1048576K
}
Event: 921.896 GC heap after
{Heap after GC invocations=28 (full 0):
 garbage-first heap   total 303104K, used 73876K [0x0000000604800000, 0x0000000800000000)
  region size 4096K, 1 young (4096K), 1 survivors (4096K)
 Metaspace       used 101274K, committed 102848K, reserved 1179648K
  class space    used 14335K, committed 15104K, reserved 1048576K
}

