# JRE version: Java(TM) SE Runtime Environment (25.0.1+8) (build 25.0.1+8-LTS-27)
# Java VM: Java HotSpot(TM) 64-Bit Server VM (25.0.1+8-LTS-27, mixed mode, emulated-client, sharing, tiered, compressed oops, compressed class ptrs, g1 gc, windows-amd64)
GC Precious Log:
 CardTable entry size: 512
 Card Set container configuration: InlinePtr #cards 4 size 8 Array Of Cards #cards 32 size 80 Howl #buckets 8 coarsen threshold 7372 Howl Bitmap #cards 1024 size 144 coarsen threshold 921 Card regions per heap region 1 cards per card region 8192
 CPUs: 8 total, 8 available
 Memory: 32466M
 Large Page Support: Disabled
 NUMA Support: Disabled
 Compressed Oops: Enabled (Zero based)
 Heap Region Size: 4M
 Heap Min Capacity: 8M
 Heap Initial Capacity: 508M
 Heap Max Capacity: 8120M
 Pre-touch: Disabled
 Parallel Workers: 8
 Concurrent Workers: 2
 Concurrent Refinement Workers: 8
 Periodic GC: Disabled
Heap:
 garbage-first heap   total reserved 8314880K, committed 151552K, used 50817K [0x0000000604800000, 0x0000000800000000)
  region size 4096K, 3 young (12288K), 2 survivors (8192K)
GC Heap Usage History (20 events):
Event: 6.385 {heap Before GC invocations=21 (full 0):
 garbage-first heap   total reserved 8314880K, committed 98304K, used 85613K [0x0000000604800000, 0x0000000800000000)
  region size 4096K, 12 young (49152K), 1 survivors (4096K)
}
Event: 6.388 {heap After GC invocations=22 (full 0):
 garbage-first heap   total reserved 8314880K, committed 98304K, used 41527K [0x0000000604800000, 0x0000000800000000)
  region size 4096K, 1 young (4096K), 1 survivors (4096K)
}
Event: 6.583 {heap Before GC invocations=22 (full 0):
 garbage-first heap   total reserved 8314880K, committed 98304K, used 82487K [0x0000000604800000, 0x0000000800000000)
  region size 4096K, 12 young (49152K), 1 survivors (4096K)
}
Event: 6.587 {heap After GC invocations=23 (full 0):
 garbage-first heap   total reserved 8314880K, committed 311296K, used 42234K [0x0000000604800000, 0x0000000800000000)
  region size 4096K, 1 young (4096K), 1 survivors (4096K)
}
Event: 7.092 {heap Before GC invocations=24 (full 0):
 garbage-first heap   total reserved 8314880K, committed 151552K, used 128250K [0x0000000604800000, 0x0000000800000000)
  region size 4096K, 22 young (90112K), 1 survivors (4096K)
}
Event: 7.097 {heap After GC invocations=25 (full 0):
 garbage-first heap   total reserved 8314880K, committed 151552K, used 45648K [0x0000000604800000, 0x0000000800000000)
  region size 4096K, 2 young (8192K), 2 survivors (8192K)
}
Event: 74.522 {heap Before GC invocations=25 (full 0):
 garbage-first heap   total reserved 8314880K, committed 151552K, used 123472K [0x0000000604800000, 0x0000000800000000)
  region size 4096K, 22 young (90112K), 2 survivors (8192K)
}
Event: 74.529 {heap After GC invocations=26 (full 0):
 garbage-first heap   total reserved 8314880K, committed 151552K, used 48098K [0x0000000604800000, 0x0000000800000000)
  region size 4096K, 3 young (12288K), 3 survivors (12288K)
}
Event: 101.766 {heap Before GC invocations=27 (full 0):
 garbage-first heap   total reserved 8314880K, committed 151552K, used 121826K [0x0000000604800000, 0x0000000800000000)
  region size 4096K, 22 young (90112K), 3 survivors (12288K)
}
Event: 101.775 {heap After GC invocations=28 (full 0):
 garbage-first heap   total reserved 8314880K, committed 151552K, used 53180K [0x0000000604800000, 0x0000000800000000)
  region size 4096K, 3 young (12288K), 3 survivors (12288K)
}
Event: 218.017 {heap Before GC invocations=28 (full 0):
 garbage-first heap   total reserved 8314880K, committed 151552K, used 131004K [0x0000000604800000, 0x0000000800000000)
  region size 4096K, 22 young (90112K), 3 survivors (12288K)
}
Event: 218.031 {heap After GC invocations=29 (full 0):
 garbage-first heap   total reserved 8314880K, committed 151552K, used 53958K [0x0000000604800000, 0x0000000800000000)
  region size 4096K, 2 young (8192K), 2 survivors (8192K)
}
Event: 354.943 {heap Before GC invocations=29 (full 0):
 garbage-first heap   total reserved 8314880K, committed 151552K, used 135878K [0x0000000604800000, 0x0000000800000000)
  region size 4096K, 22 young (90112K), 2 survivors (8192K)
}
Event: 354.947 {heap After GC invocations=30 (full 0):
 garbage-first heap   total reserved 8314880K, committed 151552K, used 52792K [0x0000000604800000, 0x0000000800000000)
  region size 4096K, 2 young (8192K), 2 survivors (8192K)
}
Event: 500.923 {heap Before GC invocations=31 (full 0):
 garbage-first heap   total reserved 8314880K, committed 151552K, used 134712K [0x0000000604800000, 0x0000000800000000)
  region size 4096K, 22 young (90112K), 2 survivors (8192K)
}
Event: 500.929 {heap After GC invocations=32 (full 0):
 garbage-first heap   total reserved 8314880K, committed 151552K, used 52551K [0x0000000604800000, 0x0000000800000000)
  region size 4096K, 2 young (8192K), 2 survivors (8192K)
}
Event: 3365.177 {heap Before GC invocations=32 (full 0):
 garbage-first heap   total reserved 8314880K, committed 151552K, used 134471K [0x0000000604800000, 0x0000000800000000)
  region size 4096K, 22 young (90112K), 2 survivors (8192K)
}
Event: 3365.186 {heap After GC invocations=33 (full 0):
 garbage-first heap   total reserved 8314880K, committed 151552K, used 51320K [0x0000000604800000, 0x0000000800000000)
  region size 4096K, 2 young (8192K), 2 survivors (8192K)
}
Event: 3510.829 {heap Before GC invocations=33 (full 0):
 garbage-first heap   total reserved 8314880K, committed 151552K, used 133240K [0x0000000604800000, 0x0000000800000000)
  region size 4096K, 22 young (90112K), 2 survivors (8192K)
}
Event: 3510.833 {heap After GC invocations=34 (full 0):
 garbage-first heap   total reserved 8314880K, committed 151552K, used 50817K [0x0000000604800000, 0x0000000800000000)
  region size 4096K, 2 young (8192K), 2 survivors (8192K)
}

