# JRE version: OpenJDK Runtime Environment Temurin-17.0.18+8 (17.0.18+8) (build 17.0.18+8)
# Java VM: OpenJDK 64-Bit Server VM Temurin-17.0.18+8 (17.0.18+8, mixed mode, emulated-client, sharing, tiered, compressed oops, compressed class ptrs, g1 gc, windows-amd64)
GC Precious Log:
 CPUs: 8 total, 8 available
 Memory: 32466M
 Large Page Support: Disabled
 NUMA Support: Disabled
 Compressed Oops: Enabled (Zero based)
 Heap Region Size: 4M
 Heap Min Capacity: 8M
 Heap Initial Capacity: 508M
 Heap Max Capacity: 8120M
 Pre-touch: Disabled
 Parallel Workers: 8
 Concurrent Workers: 2
 Concurrent Refinement Workers: 8
 Periodic GC: Disabled
Heap:
 garbage-first heap   total 319488K, used 240775K [0x0000000604800000, 0x0000000800000000)
  region size 4096K, 30 young (122880K), 1 survivors (4096K)
 Metaspace       used 117340K, committed 118592K, reserved 1179648K
  class space    used 15939K, committed 16576K, reserved 1048576K
GC Heap History (20 events):
Event: 8037.471 GC heap before
{Heap before GC invocations=75 (full 0):
 garbage-first heap   total 319488K, used 273520K [0x0000000604800000, 0x0000000800000000)
  region size 4096K, 38 young (155648K), 2 survivors (8192K)
 Metaspace       used 116880K, committed 117952K, reserved 1179648K
  class space    used 15831K, committed 16384K, reserved 1048576K
}
Event: 8037.481 GC heap after
{Heap after GC invocations=76 (full 0):
 garbage-first heap   total 319488K, used 126203K [0x0000000604800000, 0x0000000800000000)
  region size 4096K, 2 young (8192K), 2 survivors (8192K)
 Metaspace       used 116880K, committed 117952K, reserved 1179648K
  class space    used 15831K, committed 16384K, reserved 1048576K
}
Event: 8168.836 GC heap before
{Heap before GC invocations=76 (full 0):
 garbage-first heap   total 319488K, used 273659K [0x0000000604800000, 0x0000000800000000)
  region size 4096K, 38 young (155648K), 2 survivors (8192K)
 Metaspace       used 116880K, committed 117952K, reserved 1179648K
  class space    used 15831K, committed 16384K, reserved 1048576K
}
Event: 8168.845 GC heap after
{Heap after GC invocations=77 (full 0):
 garbage-first heap   total 319488K, used 125645K [0x0000000604800000, 0x0000000800000000)
  region size 4096K, 2 young (8192K), 2 survivors (8192K)
 Metaspace       used 116880K, committed 117952K, reserved 1179648K
  class space    used 15831K, committed 16384K, reserved 1048576K
}
Event: 8279.868 GC heap before
{Heap before GC invocations=77 (full 0):
 garbage-first heap   total 319488K, used 273101K [0x0000000604800000, 0x0000000800000000)
  region size 4096K, 38 young (155648K), 2 survivors (8192K)
 Metaspace       used 116903K, committed 118016K, reserved 1179648K
  class space    used 15834K, committed 16384K, reserved 1048576K
}
Event: 8279.874 GC heap after
{Heap after GC invocations=78 (full 0):
 garbage-first heap   total 319488K, used 126589K [0x0000000604800000, 0x0000000800000000)
  region size 4096K, 2 young (8192K), 2 survivors (8192K)
 Metaspace       used 116903K, committed 118016K, reserved 1179648K
  class space    used 15834K, committed 16384K, reserved 1048576K
}
Event: 8415.837 GC heap before
{Heap before GC invocations=78 (full 0):
 garbage-first heap   total 319488K, used 274045K [0x0000000604800000, 0x0000000800000000)
  region size 4096K, 38 young (155648K), 2 survivors (8192K)
 Metaspace       used 116907K, committed 118016K, reserved 1179648K
  class space    used 15835K, committed 16384K, reserved 1048576K
}
Event: 8415.844 GC heap after
{Heap after GC invocations=79 (full 0):
 garbage-first heap   total 319488K, used 126381K [0x0000000604800000, 0x0000000800000000)
  region size 4096K, 2 young (8192K), 2 survivors (8192K)
 Metaspace       used 116907K, committed 118016K, reserved 1179648K
  class space    used 15835K, committed 16384K, reserved 1048576K
}
Event: 8512.164 GC heap before
{Heap before GC invocations=79 (full 0):
 garbage-first heap   total 319488K, used 273837K [0x0000000604800000, 0x0000000800000000)
  region size 4096K, 38 young (155648K), 2 survivors (8192K)
 Metaspace       used 116920K, committed 118016K, reserved 1179648K
  class space    used 15839K, committed 16384K, reserved 1048576K
}
Event: 8512.173 GC heap after
{Heap after GC invocations=80 (full 0):
 garbage-first heap   total 319488K, used 126240K [0x0000000604800000, 0x0000000800000000)
  region size 4096K, 2 young (8192K), 2 survivors (8192K)
 Metaspace       used 116920K, committed 118016K, reserved 1179648K
  class space    used 15839K, committed 16384K, reserved 1048576K
}
Event: 8646.932 GC heap before
{Heap before GC invocations=80 (full 0):
 garbage-first heap   total 319488K, used 273696K [0x0000000604800000, 0x0000000800000000)
  region size 4096K, 38 young (155648K), 2 survivors (8192K)
 Metaspace       used 116920K, committed 118016K, reserved 1179648K
  class space    used 15839K, committed 16384K, reserved 1048576K
}
Event: 8646.941 GC heap after
{Heap after GC invocations=81 (full 0):
 garbage-first heap   total 319488K, used 126397K [0x0000000604800000, 0x0000000800000000)
  region size 4096K, 2 young (8192K), 2 survivors (8192K)
 Metaspace       used 116920K, committed 118016K, reserved 1179648K
  class space    used 15839K, committed 16384K, reserved 1048576K
}
Event: 8780.922 GC heap before
{Heap before GC invocations=81 (full 0):
 garbage-first heap   total 319488K, used 273853K [0x0000000604800000, 0x0000000800000000)
  region size 4096K, 38 young (155648K), 2 survivors (8192K)
 Metaspace       used 116920K, committed 118016K, reserved 1179648K
  class space    used 15839K, committed 16384K, reserved 1048576K
}
Event: 8780.928 GC heap after
{Heap after GC invocations=82 (full 0):
 garbage-first heap   total 319488K, used 126266K [0x0000000604800000, 0x0000000800000000)
  region size 4096K, 2 young (8192K), 2 survivors (8192K)
 Metaspace       used 116920K, committed 118016K, reserved 1179648K
  class space    used 15839K, committed 16384K, reserved 1048576K
}
Event: 8891.027 GC heap before
{Heap before GC invocations=82 (full 0):
 garbage-first heap   total 319488K, used 273722K [0x0000000604800000, 0x0000000800000000)
  region size 4096K, 38 young (155648K), 2 survivors (8192K)
 Metaspace       used 117153K, committed 118400K, reserved 1179648K
  class space    used 15898K, committed 16512K, reserved 1048576K
}
Event: 8891.036 GC heap after
{Heap after GC invocations=83 (full 0):
 garbage-first heap   total 319488K, used 126543K [0x0000000604800000, 0x0000000800000000)
  region size 4096K, 2 young (8192K), 2 survivors (8192K)
 Metaspace       used 117153K, committed 118400K, reserved 1179648K
  class space    used 15898K, committed 16512K, reserved 1048576K
}
Event: 9026.328 GC heap before
{Heap before GC invocations=83 (full 0):
 garbage-first heap   total 319488K, used 273999K [0x0000000604800000, 0x0000000800000000)
  region size 4096K, 38 young (155648K), 2 survivors (8192K)
 Metaspace       used 117153K, committed 118400K, reserved 1179648K
  class space    used 15898K, committed 16512K, reserved 1048576K
}
Event: 9026.332 GC heap after
{Heap after GC invocations=84 (full 0):
 garbage-first heap   total 319488K, used 126626K [0x0000000604800000, 0x0000000800000000)
  region size 4096K, 2 young (8192K), 2 survivors (8192K)
 Metaspace       used 117153K, committed 118400K, reserved 1179648K
  class space    used 15898K, committed 16512K, reserved 1048576K
}
Event: 9162.440 GC heap before
{Heap before GC invocations=84 (full 0):
 garbage-first heap   total 319488K, used 274082K [0x0000000604800000, 0x0000000800000000)
  region size 4096K, 38 young (155648K), 2 survivors (8192K)
 Metaspace       used 117153K, committed 118400K, reserved 1179648K
  class space    used 15898K, committed 16512K, reserved 1048576K
}
Event: 9162.447 GC heap after
{Heap after GC invocations=85 (full 0):
 garbage-first heap   total 319488K, used 126087K [0x0000000604800000, 0x0000000800000000)
  region size 4096K, 1 young (4096K), 1 survivors (4096K)
 Metaspace       used 117153K, committed 118400K, reserved 1179648K
  class space    used 15898K, committed 16512K, reserved 1048576K
}

