# JRE version: OpenJDK Runtime Environment Temurin-17.0.18+8 (17.0.18+8) (build 17.0.18+8)
# Java VM: OpenJDK 64-Bit Server VM Temurin-17.0.18+8 (17.0.18+8, mixed mode, emulated-client, sharing, tiered, compressed oops, compressed class ptrs, g1 gc, windows-amd64)
GC Precious Log:
 CPUs: 8 total, 8 available
 Memory: 32466M
 Large Page Support: Disabled
 NUMA Support: Disabled
 Compressed Oops: Enabled (Zero based)
 Heap Region Size: 4M
 Heap Min Capacity: 8M
 Heap Initial Capacity: 508M
 Heap Max Capacity: 8120M
 Pre-touch: Disabled
 Parallel Workers: 8
 Concurrent Workers: 2
 Concurrent Refinement Workers: 8
 Periodic GC: Disabled
Heap:
 garbage-first heap   total 778240K, used 382616K [0x0000000604800000, 0x0000000800000000)
  region size 4096K, 35 young (143360K), 5 survivors (20480K)
 Metaspace       used 116225K, committed 117952K, reserved 1179648K
  class space    used 15712K, committed 16384K, reserved 1048576K
GC Heap History (20 events):
Event: 25747.784 GC heap before
{Heap before GC invocations=96 (full 0):
 garbage-first heap   total 544768K, used 450274K [0x0000000604800000, 0x0000000800000000)
  region size 4096K, 79 young (323584K), 1 survivors (4096K)
 Metaspace       used 102574K, committed 103424K, reserved 1179648K
  class space    used 13828K, committed 14272K, reserved 1048576K
}
Event: 25747.788 GC heap after
{Heap after GC invocations=97 (full 0):
 garbage-first heap   total 544768K, used 130484K [0x0000000604800000, 0x0000000800000000)
  region size 4096K, 1 young (4096K), 1 survivors (4096K)
 Metaspace       used 102574K, committed 103424K, reserved 1179648K
  class space    used 13828K, committed 14272K, reserved 1048576K
}
Event: 25880.004 GC heap before
{Heap before GC invocations=97 (full 0):
 garbage-first heap   total 544768K, used 445876K [0x0000000604800000, 0x0000000800000000)
  region size 4096K, 79 young (323584K), 1 survivors (4096K)
 Metaspace       used 115877K, committed 116800K, reserved 1179648K
  class space    used 15648K, committed 16128K, reserved 1048576K
}
Event: 25880.025 GC heap after
{Heap after GC invocations=98 (full 0):
 garbage-first heap   total 544768K, used 155045K [0x0000000604800000, 0x0000000800000000)
  region size 4096K, 7 young (28672K), 7 survivors (28672K)
 Metaspace       used 115877K, committed 116800K, reserved 1179648K
  class space    used 15648K, committed 16128K, reserved 1048576K
}
Event: 25881.473 GC heap before
{Heap before GC invocations=98 (full 0):
 garbage-first heap   total 544768K, used 449957K [0x0000000604800000, 0x0000000800000000)
  region size 4096K, 79 young (323584K), 7 survivors (28672K)
 Metaspace       used 116399K, committed 117440K, reserved 1179648K
  class space    used 15749K, committed 16256K, reserved 1048576K
}
Event: 25881.494 GC heap after
{Heap after GC invocations=99 (full 0):
 garbage-first heap   total 544768K, used 150365K [0x0000000604800000, 0x0000000800000000)
  region size 4096K, 3 young (12288K), 3 survivors (12288K)
 Metaspace       used 116399K, committed 117440K, reserved 1179648K
  class space    used 15749K, committed 16256K, reserved 1048576K
}
Event: 25892.659 GC heap before
{Heap before GC invocations=99 (full 0):
 garbage-first heap   total 544768K, used 449373K [0x0000000604800000, 0x0000000800000000)
  region size 4096K, 76 young (311296K), 3 survivors (12288K)
 Metaspace       used 116655K, committed 117696K, reserved 1179648K
  class space    used 15805K, committed 16320K, reserved 1048576K
}
Event: 25892.694 GC heap after
{Heap after GC invocations=100 (full 0):
 garbage-first heap   total 544768K, used 188886K [0x0000000604800000, 0x0000000800000000)
  region size 4096K, 10 young (40960K), 10 survivors (40960K)
 Metaspace       used 116655K, committed 117696K, reserved 1179648K
  class space    used 15805K, committed 16320K, reserved 1048576K
}
Event: 25899.164 GC heap before
{Heap before GC invocations=100 (full 0):
 garbage-first heap   total 544768K, used 422358K [0x0000000604800000, 0x0000000800000000)
  region size 4096K, 67 young (274432K), 10 survivors (40960K)
 Metaspace       used 116672K, committed 117824K, reserved 1179648K
  class space    used 15810K, committed 16384K, reserved 1048576K
}
Event: 25899.199 GC heap after
{Heap after GC invocations=101 (full 0):
 garbage-first heap   total 544768K, used 192266K [0x0000000604800000, 0x0000000800000000)
  region size 4096K, 7 young (28672K), 7 survivors (28672K)
 Metaspace       used 116672K, committed 117824K, reserved 1179648K
  class space    used 15810K, committed 16384K, reserved 1048576K
}
Event: 25899.848 GC heap before
{Heap before GC invocations=101 (full 0):
 garbage-first heap   total 544768K, used 421642K [0x0000000604800000, 0x0000000800000000)
  region size 4096K, 63 young (258048K), 7 survivors (28672K)
 Metaspace       used 116672K, committed 117824K, reserved 1179648K
  class space    used 15810K, committed 16384K, reserved 1048576K
}
Event: 25899.886 GC heap after
{Heap after GC invocations=102 (full 0):
 garbage-first heap   total 544768K, used 218423K [0x0000000604800000, 0x0000000800000000)
  region size 4096K, 8 young (32768K), 8 survivors (32768K)
 Metaspace       used 116672K, committed 117824K, reserved 1179648K
  class space    used 15810K, committed 16384K, reserved 1048576K
}
Event: 25906.449 GC heap before
{Heap before GC invocations=102 (full 0):
 garbage-first heap   total 544768K, used 410935K [0x0000000604800000, 0x0000000800000000)
  region size 4096K, 55 young (225280K), 8 survivors (32768K)
 Metaspace       used 116744K, committed 117888K, reserved 1179648K
  class space    used 15826K, committed 16384K, reserved 1048576K
}
Event: 25906.488 GC heap after
{Heap after GC invocations=103 (full 0):
 garbage-first heap   total 544768K, used 241378K [0x0000000604800000, 0x0000000800000000)
  region size 4096K, 7 young (28672K), 7 survivors (28672K)
 Metaspace       used 116744K, committed 117888K, reserved 1179648K
  class space    used 15826K, committed 16384K, reserved 1048576K
}
Event: 25907.043 GC heap before
{Heap before GC invocations=103 (full 0):
 garbage-first heap   total 544768K, used 409314K [0x0000000604800000, 0x0000000800000000)
  region size 4096K, 48 young (196608K), 7 survivors (28672K)
 Metaspace       used 116770K, committed 117952K, reserved 1179648K
  class space    used 15826K, committed 16384K, reserved 1048576K
}
Event: 25907.083 GC heap after
{Heap after GC invocations=104 (full 0):
 garbage-first heap   total 544768K, used 265153K [0x0000000604800000, 0x0000000800000000)
  region size 4096K, 6 young (24576K), 6 survivors (24576K)
 Metaspace       used 116770K, committed 117952K, reserved 1179648K
  class space    used 15826K, committed 16384K, reserved 1048576K
}
Event: 25908.128 GC heap before
{Heap before GC invocations=104 (full 0):
 garbage-first heap   total 544768K, used 412609K [0x0000000604800000, 0x0000000800000000)
  region size 4096K, 42 young (172032K), 6 survivors (24576K)
 Metaspace       used 116783K, committed 117952K, reserved 1179648K
  class space    used 15826K, committed 16384K, reserved 1048576K
}
Event: 25908.165 GC heap after
{Heap after GC invocations=105 (full 0):
 garbage-first heap   total 544768K, used 281636K [0x0000000604800000, 0x0000000800000000)
  region size 4096K, 6 young (24576K), 6 survivors (24576K)
 Metaspace       used 116783K, committed 117952K, reserved 1179648K
  class space    used 15826K, committed 16384K, reserved 1048576K
}
Event: 25918.495 GC heap before
{Heap before GC invocations=105 (full 0):
 garbage-first heap   total 544768K, used 416804K [0x0000000604800000, 0x0000000800000000)
  region size 4096K, 39 young (159744K), 6 survivors (24576K)
 Metaspace       used 116791K, committed 117952K, reserved 1179648K
  class space    used 15826K, committed 16384K, reserved 1048576K
}
Event: 25918.541 GC heap after
{Heap after GC invocations=106 (full 0):
 garbage-first heap   total 778240K, used 304792K [0x0000000604800000, 0x0000000800000000)
  region size 4096K, 5 young (20480K), 5 survivors (20480K)
 Metaspace       used 116791K, committed 117952K, reserved 1179648K
  class space    used 15826K, committed 16384K, reserved 1048576K
}

