# JRE version: OpenJDK Runtime Environment Temurin-17.0.18+8 (17.0.18+8) (build 17.0.18+8)
# Java VM: OpenJDK 64-Bit Server VM Temurin-17.0.18+8 (17.0.18+8, mixed mode, emulated-client, sharing, tiered, compressed oops, compressed class ptrs, g1 gc, windows-amd64)
GC Precious Log:
 CPUs: 8 total, 8 available
 Memory: 32466M
 Large Page Support: Disabled
 NUMA Support: Disabled
 Compressed Oops: Enabled (Zero based)
 Heap Region Size: 4M
 Heap Min Capacity: 8M
 Heap Initial Capacity: 508M
 Heap Max Capacity: 8120M
 Pre-touch: Disabled
 Parallel Workers: 8
 Concurrent Workers: 2
 Concurrent Refinement Workers: 8
 Periodic GC: Disabled
Heap:
 garbage-first heap   total 589824K, used 334673K [0x0000000604800000, 0x0000000800000000)
  region size 4096K, 40 young (163840K), 4 survivors (16384K)
 Metaspace       used 118309K, committed 119552K, reserved 1179648K
  class space    used 16040K, committed 16640K, reserved 1048576K
GC Heap History (20 events):
Event: 1667.403 GC heap before
{Heap before GC invocations=60 (full 0):
 garbage-first heap   total 638976K, used 429129K [0x0000000604800000, 0x0000000800000000)
  region size 4096K, 63 young (258048K), 1 survivors (4096K)
 Metaspace       used 117698K, committed 118720K, reserved 1179648K
  class space    used 15934K, committed 16448K, reserved 1048576K
}
Event: 1667.435 GC heap after
{Heap after GC invocations=61 (full 0):
 garbage-first heap   total 638976K, used 191777K [0x0000000604800000, 0x0000000800000000)
  region size 4096K, 6 young (24576K), 6 survivors (24576K)
 Metaspace       used 117698K, committed 118720K, reserved 1179648K
  class space    used 15934K, committed 16448K, reserved 1048576K
}
Event: 1915.808 GC heap before
{Heap before GC invocations=62 (full 0):
 garbage-first heap   total 638976K, used 449825K [0x0000000604800000, 0x0000000800000000)
  region size 4096K, 69 young (282624K), 6 survivors (24576K)
 Metaspace       used 117721K, committed 118784K, reserved 1179648K
  class space    used 15935K, committed 16448K, reserved 1048576K
}
Event: 1915.831 GC heap after
{Heap after GC invocations=63 (full 0):
 garbage-first heap   total 638976K, used 195298K [0x0000000604800000, 0x0000000800000000)
  region size 4096K, 5 young (20480K), 5 survivors (20480K)
 Metaspace       used 117721K, committed 118784K, reserved 1179648K
  class space    used 15935K, committed 16448K, reserved 1048576K
}
Event: 1924.532 GC heap before
{Heap before GC invocations=63 (full 0):
 garbage-first heap   total 638976K, used 203490K [0x0000000604800000, 0x0000000800000000)
  region size 4096K, 7 young (28672K), 5 survivors (20480K)
 Metaspace       used 117723K, committed 118784K, reserved 1179648K
  class space    used 15935K, committed 16448K, reserved 1048576K
}
Event: 1924.557 GC heap after
{Heap after GC invocations=64 (full 0):
 garbage-first heap   total 638976K, used 186811K [0x0000000604800000, 0x0000000800000000)
  region size 4096K, 1 young (4096K), 1 survivors (4096K)
 Metaspace       used 117723K, committed 118784K, reserved 1179648K
  class space    used 15935K, committed 16448K, reserved 1048576K
}
Event: 2030.339 GC heap before
{Heap before GC invocations=64 (full 0):
 garbage-first heap   total 638976K, used 481723K [0x0000000604800000, 0x0000000800000000)
  region size 4096K, 73 young (299008K), 1 survivors (4096K)
 Metaspace       used 118126K, committed 119296K, reserved 1179648K
  class space    used 16018K, committed 16576K, reserved 1048576K
}
Event: 2030.345 GC heap after
{Heap after GC invocations=65 (full 0):
 garbage-first heap   total 638976K, used 186100K [0x0000000604800000, 0x0000000800000000)
  region size 4096K, 1 young (4096K), 1 survivors (4096K)
 Metaspace       used 118126K, committed 119296K, reserved 1179648K
  class space    used 16018K, committed 16576K, reserved 1048576K
}
Event: 2107.164 GC heap before
{Heap before GC invocations=66 (full 0):
 garbage-first heap   total 589824K, used 480930K [0x0000000604800000, 0x0000000800000000)
  region size 4096K, 77 young (315392K), 1 survivors (4096K)
 Metaspace       used 118212K, committed 119360K, reserved 1179648K
  class space    used 16031K, committed 16576K, reserved 1048576K
}
Event: 2107.192 GC heap after
{Heap after GC invocations=67 (full 0):
 garbage-first heap   total 589824K, used 210153K [0x0000000604800000, 0x0000000800000000)
  region size 4096K, 10 young (40960K), 10 survivors (40960K)
 Metaspace       used 118212K, committed 119360K, reserved 1179648K
  class space    used 16031K, committed 16576K, reserved 1048576K
}
Event: 2107.198 GC heap before
{Heap before GC invocations=67 (full 0):
 garbage-first heap   total 589824K, used 214249K [0x0000000604800000, 0x0000000800000000)
  region size 4096K, 11 young (45056K), 10 survivors (40960K)
 Metaspace       used 118212K, committed 119360K, reserved 1179648K
  class space    used 16031K, committed 16576K, reserved 1048576K
}
Event: 2107.227 GC heap after
{Heap after GC invocations=68 (full 0):
 garbage-first heap   total 589824K, used 170110K [0x0000000604800000, 0x0000000800000000)
  region size 4096K, 2 young (8192K), 2 survivors (8192K)
 Metaspace       used 118212K, committed 119360K, reserved 1179648K
  class space    used 16031K, committed 16576K, reserved 1048576K
}
Event: 2155.558 GC heap before
{Heap before GC invocations=68 (full 0):
 garbage-first heap   total 589824K, used 432254K [0x0000000604800000, 0x0000000800000000)
  region size 4096K, 66 young (270336K), 2 survivors (8192K)
 Metaspace       used 118246K, committed 119424K, reserved 1179648K
  class space    used 16036K, committed 16640K, reserved 1048576K
}
Event: 2155.575 GC heap after
{Heap after GC invocations=69 (full 0):
 garbage-first heap   total 589824K, used 189658K [0x0000000604800000, 0x0000000800000000)
  region size 4096K, 7 young (28672K), 7 survivors (28672K)
 Metaspace       used 118246K, committed 119424K, reserved 1179648K
  class space    used 16036K, committed 16640K, reserved 1048576K
}
Event: 2313.782 GC heap before
{Heap before GC invocations=70 (full 0):
 garbage-first heap   total 589824K, used 434463K [0x0000000604800000, 0x0000000800000000)
  region size 4096K, 67 young (274432K), 7 survivors (28672K)
 Metaspace       used 118258K, committed 119424K, reserved 1179648K
  class space    used 16037K, committed 16640K, reserved 1048576K
}
Event: 2313.806 GC heap after
{Heap after GC invocations=71 (full 0):
 garbage-first heap   total 589824K, used 194628K [0x0000000604800000, 0x0000000800000000)
  region size 4096K, 2 young (8192K), 2 survivors (8192K)
 Metaspace       used 118258K, committed 119424K, reserved 1179648K
  class space    used 16037K, committed 16640K, reserved 1048576K
}
Event: 2320.368 GC heap before
{Heap before GC invocations=71 (full 0):
 garbage-first heap   total 589824K, used 211012K [0x0000000604800000, 0x0000000800000000)
  region size 4096K, 7 young (28672K), 2 survivors (8192K)
 Metaspace       used 118262K, committed 119424K, reserved 1179648K
  class space    used 16037K, committed 16640K, reserved 1048576K
}
Event: 2320.401 GC heap after
{Heap after GC invocations=72 (full 0):
 garbage-first heap   total 589824K, used 179723K [0x0000000604800000, 0x0000000800000000)
  region size 4096K, 1 young (4096K), 1 survivors (4096K)
 Metaspace       used 118262K, committed 119424K, reserved 1179648K
  class space    used 16037K, committed 16640K, reserved 1048576K
}
Event: 2437.459 GC heap before
{Heap before GC invocations=72 (full 0):
 garbage-first heap   total 589824K, used 450059K [0x0000000604800000, 0x0000000800000000)
  region size 4096K, 68 young (278528K), 1 survivors (4096K)
 Metaspace       used 118302K, committed 119552K, reserved 1179648K
  class space    used 16040K, committed 16640K, reserved 1048576K
}
Event: 2437.465 GC heap after
{Heap after GC invocations=73 (full 0):
 garbage-first heap   total 589824K, used 191313K [0x0000000604800000, 0x0000000800000000)
  region size 4096K, 4 young (16384K), 4 survivors (16384K)
 Metaspace       used 118302K, committed 119552K, reserved 1179648K
  class space    used 16040K, committed 16640K, reserved 1048576K
}

