# JRE version: OpenJDK Runtime Environment Temurin-17.0.17+10 (17.0.17+10) (build 17.0.17+10)
# Java VM: OpenJDK 64-Bit Server VM Temurin-17.0.17+10 (17.0.17+10, mixed mode, emulated-client, sharing, tiered, compressed oops, compressed class ptrs, g1 gc, windows-amd64)
GC Precious Log:
 CPUs: 8 total, 8 available
 Memory: 32466M
 Large Page Support: Disabled
 NUMA Support: Disabled
 Compressed Oops: Enabled (Zero based)
 Heap Region Size: 4M
 Heap Min Capacity: 8M
 Heap Initial Capacity: 508M
 Heap Max Capacity: 8120M
 Pre-touch: Disabled
 Parallel Workers: 8
 Concurrent Workers: 2
 Concurrent Refinement Workers: 8
 Periodic GC: Disabled
Heap:
 garbage-first heap   total 393216K, used 98175K [0x0000000604800000, 0x0000000800000000)
  region size 4096K, 6 young (24576K), 5 survivors (20480K)
 Metaspace       used 111855K, committed 113152K, reserved 1179648K
  class space    used 15535K, committed 16192K, reserved 1048576K
GC Heap History (20 events):
Event: 14.074 GC heap before
{Heap before GC invocations=26 (full 0):
 garbage-first heap   total 327680K, used 251157K [0x0000000604800000, 0x0000000800000000)
  region size 4096K, 48 young (196608K), 5 survivors (20480K)
 Metaspace       used 90844K, committed 91520K, reserved 1179648K
  class space    used 12607K, committed 12928K, reserved 1048576K
}
Event: 14.087 GC heap after
{Heap after GC invocations=27 (full 0):
 garbage-first heap   total 327680K, used 80970K [0x0000000604800000, 0x0000000800000000)
  region size 4096K, 4 young (16384K), 4 survivors (16384K)
 Metaspace       used 90844K, committed 91520K, reserved 1179648K
  class space    used 12607K, committed 12928K, reserved 1048576K
}
Event: 14.766 GC heap before
{Heap before GC invocations=27 (full 0):
 garbage-first heap   total 327680K, used 261194K [0x0000000604800000, 0x0000000800000000)
  region size 4096K, 48 young (196608K), 4 survivors (16384K)
 Metaspace       used 91856K, committed 92544K, reserved 1179648K
  class space    used 12693K, committed 13056K, reserved 1048576K
}
Event: 14.779 GC heap after
{Heap after GC invocations=28 (full 0):
 garbage-first heap   total 393216K, used 84234K [0x0000000604800000, 0x0000000800000000)
  region size 4096K, 3 young (12288K), 3 survivors (12288K)
 Metaspace       used 91856K, committed 92544K, reserved 1179648K
  class space    used 12693K, committed 13056K, reserved 1048576K
}
Event: 96.164 GC heap before
{Heap before GC invocations=28 (full 0):
 garbage-first heap   total 393216K, used 305418K [0x0000000604800000, 0x0000000800000000)
  region size 4096K, 57 young (233472K), 3 survivors (12288K)
 Metaspace       used 102846K, committed 103616K, reserved 1179648K
  class space    used 14199K, committed 14592K, reserved 1048576K
}
Event: 96.193 GC heap after
{Heap after GC invocations=29 (full 0):
 garbage-first heap   total 393216K, used 90317K [0x0000000604800000, 0x0000000800000000)
  region size 4096K, 5 young (20480K), 5 survivors (20480K)
 Metaspace       used 102846K, committed 103616K, reserved 1179648K
  class space    used 14199K, committed 14592K, reserved 1048576K
}
Event: 346.179 GC heap before
{Heap before GC invocations=29 (full 0):
 garbage-first heap   total 393216K, used 303309K [0x0000000604800000, 0x0000000800000000)
  region size 4096K, 57 young (233472K), 5 survivors (20480K)
 Metaspace       used 102846K, committed 103616K, reserved 1179648K
  class space    used 14199K, committed 14592K, reserved 1048576K
}
Event: 346.200 GC heap after
{Heap after GC invocations=30 (full 0):
 garbage-first heap   total 393216K, used 90888K [0x0000000604800000, 0x0000000800000000)
  region size 4096K, 5 young (20480K), 5 survivors (20480K)
 Metaspace       used 102846K, committed 103616K, reserved 1179648K
  class space    used 14199K, committed 14592K, reserved 1048576K
}
Event: 479.269 GC heap before
{Heap before GC invocations=30 (full 0):
 garbage-first heap   total 393216K, used 299784K [0x0000000604800000, 0x0000000800000000)
  region size 4096K, 57 young (233472K), 5 survivors (20480K)
 Metaspace       used 110313K, committed 111232K, reserved 1179648K
  class space    used 15242K, committed 15680K, reserved 1048576K
}
Event: 479.301 GC heap after
{Heap after GC invocations=31 (full 0):
 garbage-first heap   total 393216K, used 95457K [0x0000000604800000, 0x0000000800000000)
  region size 4096K, 6 young (24576K), 6 survivors (24576K)
 Metaspace       used 110313K, committed 111232K, reserved 1179648K
  class space    used 15242K, committed 15680K, reserved 1048576K
}
Event: 721.875 GC heap before
{Heap before GC invocations=31 (full 0):
 garbage-first heap   total 393216K, used 304353K [0x0000000604800000, 0x0000000800000000)
  region size 4096K, 57 young (233472K), 6 survivors (24576K)
 Metaspace       used 110647K, committed 111744K, reserved 1179648K
  class space    used 15313K, committed 15808K, reserved 1048576K
}
Event: 721.905 GC heap after
{Heap after GC invocations=32 (full 0):
 garbage-first heap   total 393216K, used 95730K [0x0000000604800000, 0x0000000800000000)
  region size 4096K, 4 young (16384K), 4 survivors (16384K)
 Metaspace       used 110647K, committed 111744K, reserved 1179648K
  class space    used 15313K, committed 15808K, reserved 1048576K
}
Event: 885.537 GC heap before
{Heap before GC invocations=32 (full 0):
 garbage-first heap   total 393216K, used 312818K [0x0000000604800000, 0x0000000800000000)
  region size 4096K, 57 young (233472K), 4 survivors (16384K)
 Metaspace       used 111420K, committed 112576K, reserved 1179648K
  class space    used 15444K, committed 16000K, reserved 1048576K
}
Event: 885.562 GC heap after
{Heap after GC invocations=33 (full 0):
 garbage-first heap   total 393216K, used 96123K [0x0000000604800000, 0x0000000800000000)
  region size 4096K, 5 young (20480K), 5 survivors (20480K)
 Metaspace       used 111420K, committed 112576K, reserved 1179648K
  class space    used 15444K, committed 16000K, reserved 1048576K
}
Event: 1122.486 GC heap before
{Heap before GC invocations=33 (full 0):
 garbage-first heap   total 393216K, used 309115K [0x0000000604800000, 0x0000000800000000)
  region size 4096K, 57 young (233472K), 5 survivors (20480K)
 Metaspace       used 111808K, committed 113024K, reserved 1179648K
  class space    used 15525K, committed 16128K, reserved 1048576K
}
Event: 1122.511 GC heap after
{Heap after GC invocations=34 (full 0):
 garbage-first heap   total 393216K, used 96897K [0x0000000604800000, 0x0000000800000000)
  region size 4096K, 5 young (20480K), 5 survivors (20480K)
 Metaspace       used 111808K, committed 113024K, reserved 1179648K
  class space    used 15525K, committed 16128K, reserved 1048576K
}
Event: 1395.324 GC heap before
{Heap before GC invocations=34 (full 0):
 garbage-first heap   total 393216K, used 309889K [0x0000000604800000, 0x0000000800000000)
  region size 4096K, 57 young (233472K), 5 survivors (20480K)
 Metaspace       used 111820K, committed 113024K, reserved 1179648K
  class space    used 15527K, committed 16128K, reserved 1048576K
}
Event: 1395.346 GC heap after
{Heap after GC invocations=35 (full 0):
 garbage-first heap   total 393216K, used 96939K [0x0000000604800000, 0x0000000800000000)
  region size 4096K, 5 young (20480K), 5 survivors (20480K)
 Metaspace       used 111820K, committed 113024K, reserved 1179648K
  class space    used 15527K, committed 16128K, reserved 1048576K
}
Event: 1408.284 GC heap before
{Heap before GC invocations=35 (full 0):
 garbage-first heap   total 393216K, used 174763K [0x0000000604800000, 0x0000000800000000)
  region size 4096K, 25 young (102400K), 5 survivors (20480K)
 Metaspace       used 111845K, committed 113088K, reserved 1179648K
  class space    used 15533K, committed 16128K, reserved 1048576K
}
Event: 1408.311 GC heap after
{Heap after GC invocations=36 (full 0):
 garbage-first heap   total 393216K, used 98175K [0x0000000604800000, 0x0000000800000000)
  region size 4096K, 5 young (20480K), 5 survivors (20480K)
 Metaspace       used 111845K, committed 113088K, reserved 1179648K
  class space    used 15533K, committed 16128K, reserved 1048576K
}

