# JRE version: OpenJDK Runtime Environment Temurin-17.0.17+10 (17.0.17+10) (build 17.0.17+10)
# Java VM: OpenJDK 64-Bit Server VM Temurin-17.0.17+10 (17.0.17+10, mixed mode, emulated-client, sharing, tiered, compressed oops, compressed class ptrs, g1 gc, windows-amd64)
GC Precious Log:
 CPUs: 8 total, 8 available
 Memory: 32466M
 Large Page Support: Disabled
 NUMA Support: Disabled
 Compressed Oops: Enabled (Zero based)
 Heap Region Size: 4M
 Heap Min Capacity: 8M
 Heap Initial Capacity: 508M
 Heap Max Capacity: 8120M
 Pre-touch: Disabled
 Parallel Workers: 8
 Concurrent Workers: 2
 Concurrent Refinement Workers: 8
 Periodic GC: Disabled
Heap:
 garbage-first heap   total 122880K, used 49135K [0x0000000604800000, 0x0000000800000000)
  region size 4096K, 8 young (32768K), 2 survivors (8192K)
 Metaspace       used 38016K, committed 38464K, reserved 1114112K
  class space    used 5001K, committed 5184K, reserved 1048576K
GC Heap History (16 events):
Event: 0.700 GC heap before
{Heap before GC invocations=0 (full 0):
 garbage-first heap   total 520192K, used 20480K [0x0000000604800000, 0x0000000800000000)
  region size 4096K, 6 young (24576K), 0 survivors (0K)
 Metaspace       used 8125K, committed 8320K, reserved 1114112K
  class space    used 869K, committed 960K, reserved 1048576K
}
Event: 0.703 GC heap after
{Heap after GC invocations=1 (full 0):
 garbage-first heap   total 520192K, used 9160K [0x0000000604800000, 0x0000000800000000)
  region size 4096K, 1 young (4096K), 1 survivors (4096K)
 Metaspace       used 8125K, committed 8320K, reserved 1114112K
  class space    used 869K, committed 960K, reserved 1048576K
}
Event: 1.033 GC heap before
{Heap before GC invocations=1 (full 0):
 garbage-first heap   total 520192K, used 29640K [0x0000000604800000, 0x0000000800000000)
  region size 4096K, 6 young (24576K), 1 survivors (4096K)
 Metaspace       used 11621K, committed 11776K, reserved 1114112K
  class space    used 1329K, committed 1408K, reserved 1048576K
}
Event: 1.035 GC heap after
{Heap after GC invocations=2 (full 0):
 garbage-first heap   total 520192K, used 10813K [0x0000000604800000, 0x0000000800000000)
  region size 4096K, 1 young (4096K), 1 survivors (4096K)
 Metaspace       used 11621K, committed 11776K, reserved 1114112K
  class space    used 1329K, committed 1408K, reserved 1048576K
}
Event: 1.617 GC heap before
{Heap before GC invocations=2 (full 0):
 garbage-first heap   total 520192K, used 64061K [0x0000000604800000, 0x0000000800000000)
  region size 4096K, 15 young (61440K), 1 survivors (4096K)
 Metaspace       used 21194K, committed 21504K, reserved 1114112K
  class space    used 2793K, committed 2944K, reserved 1048576K
}
Event: 1.622 GC heap after
{Heap after GC invocations=3 (full 0):
 garbage-first heap   total 520192K, used 13993K [0x0000000604800000, 0x0000000800000000)
  region size 4096K, 2 young (8192K), 2 survivors (8192K)
 Metaspace       used 21194K, committed 21504K, reserved 1114112K
  class space    used 2793K, committed 2944K, reserved 1048576K
}
Event: 1.818 GC heap before
{Heap before GC invocations=4 (full 0):
 garbage-first heap   total 81920K, used 54953K [0x0000000604800000, 0x0000000800000000)
  region size 4096K, 13 young (53248K), 2 survivors (8192K)
 Metaspace       used 25231K, committed 25600K, reserved 1114112K
  class space    used 3261K, committed 3456K, reserved 1048576K
}
Event: 1.822 GC heap after
{Heap after GC invocations=5 (full 0):
 garbage-first heap   total 81920K, used 17721K [0x0000000604800000, 0x0000000800000000)
  region size 4096K, 2 young (8192K), 2 survivors (8192K)
 Metaspace       used 25231K, committed 25600K, reserved 1114112K
  class space    used 3261K, committed 3456K, reserved 1048576K
}
Event: 1.950 GC heap before
{Heap before GC invocations=5 (full 0):
 garbage-first heap   total 81920K, used 46393K [0x0000000604800000, 0x0000000800000000)
  region size 4096K, 10 young (40960K), 2 survivors (8192K)
 Metaspace       used 26662K, committed 27008K, reserved 1114112K
  class space    used 3495K, committed 3648K, reserved 1048576K
}
Event: 1.956 GC heap after
{Heap after GC invocations=6 (full 0):
 garbage-first heap   total 81920K, used 21724K [0x0000000604800000, 0x0000000800000000)
  region size 4096K, 2 young (8192K), 2 survivors (8192K)
 Metaspace       used 26662K, committed 27008K, reserved 1114112K
  class space    used 3495K, committed 3648K, reserved 1048576K
}
Event: 2.251 GC heap before
{Heap before GC invocations=6 (full 0):
 garbage-first heap   total 81920K, used 46300K [0x0000000604800000, 0x0000000800000000)
  region size 4096K, 9 young (36864K), 2 survivors (8192K)
 Metaspace       used 29130K, committed 29440K, reserved 1114112K
  class space    used 3742K, committed 3904K, reserved 1048576K
}
Event: 2.258 GC heap after
{Heap after GC invocations=7 (full 0):
 garbage-first heap   total 81920K, used 24037K [0x0000000604800000, 0x0000000800000000)
  region size 4096K, 2 young (8192K), 2 survivors (8192K)
 Metaspace       used 29130K, committed 29440K, reserved 1114112K
  class space    used 3742K, committed 3904K, reserved 1048576K
}
Event: 2.588 GC heap before
{Heap before GC invocations=7 (full 0):
 garbage-first heap   total 81920K, used 52709K [0x0000000604800000, 0x0000000800000000)
  region size 4096K, 9 young (36864K), 2 survivors (8192K)
 Metaspace       used 31241K, committed 31616K, reserved 1114112K
  class space    used 3992K, committed 4160K, reserved 1048576K
}
Event: 2.595 GC heap after
{Heap after GC invocations=8 (full 0):
 garbage-first heap   total 303104K, used 25727K [0x0000000604800000, 0x0000000800000000)
  region size 4096K, 1 young (4096K), 1 survivors (4096K)
 Metaspace       used 31241K, committed 31616K, reserved 1114112K
  class space    used 3992K, committed 4160K, reserved 1048576K
}
Event: 3.253 GC heap before
{Heap before GC invocations=8 (full 0):
 garbage-first heap   total 303104K, used 83071K [0x0000000604800000, 0x0000000800000000)
  region size 4096K, 16 young (65536K), 1 survivors (4096K)
 Metaspace       used 35689K, committed 36096K, reserved 1114112K
  class space    used 4610K, committed 4800K, reserved 1048576K
}
Event: 3.259 GC heap after
{Heap after GC invocations=9 (full 0):
 garbage-first heap   total 303104K, used 28655K [0x0000000604800000, 0x0000000800000000)
  region size 4096K, 2 young (8192K), 2 survivors (8192K)
 Metaspace       used 35689K, committed 36096K, reserved 1114112K
  class space    used 4610K, committed 4800K, reserved 1048576K
}

