# JRE version: OpenJDK Runtime Environment Temurin-17.0.18+8 (17.0.18+8) (build 17.0.18+8)
# Java VM: OpenJDK 64-Bit Server VM Temurin-17.0.18+8 (17.0.18+8, mixed mode, emulated-client, sharing, tiered, compressed oops, compressed class ptrs, g1 gc, windows-amd64)
GC Precious Log:
 CPUs: 8 total, 8 available
 Memory: 32466M
 Large Page Support: Disabled
 NUMA Support: Disabled
 Compressed Oops: Enabled (Zero based)
 Heap Region Size: 4M
 Heap Min Capacity: 8M
 Heap Initial Capacity: 508M
 Heap Max Capacity: 8120M
 Pre-touch: Disabled
 Parallel Workers: 8
 Concurrent Workers: 2
 Concurrent Refinement Workers: 8
 Periodic GC: Disabled
Heap:
 garbage-first heap   total 286720K, used 148513K [0x0000000604800000, 0x0000000800000000)
  region size 4096K, 3 young (12288K), 2 survivors (8192K)
 Metaspace       used 116521K, committed 118464K, reserved 1179648K
  class space    used 15813K, committed 16576K, reserved 1048576K
GC Heap History (20 events):
Event: 6354.113 GC heap before
{Heap before GC invocations=67 (full 0):
 garbage-first heap   total 286720K, used 246795K [0x0000000604800000, 0x0000000800000000)
  region size 4096K, 33 young (135168K), 1 survivors (4096K)
 Metaspace       used 115750K, committed 116736K, reserved 1179648K
  class space    used 15671K, committed 16192K, reserved 1048576K
}
Event: 6354.116 GC heap after
{Heap after GC invocations=68 (full 0):
 garbage-first heap   total 286720K, used 116599K [0x0000000604800000, 0x0000000800000000)
  region size 4096K, 1 young (4096K), 1 survivors (4096K)
 Metaspace       used 115750K, committed 116736K, reserved 1179648K
  class space    used 15671K, committed 16192K, reserved 1048576K
}
Event: 6471.945 GC heap before
{Heap before GC invocations=68 (full 0):
 garbage-first heap   total 286720K, used 243575K [0x0000000604800000, 0x0000000800000000)
  region size 4096K, 32 young (131072K), 1 survivors (4096K)
 Metaspace       used 115750K, committed 116736K, reserved 1179648K
  class space    used 15671K, committed 16192K, reserved 1048576K
}
Event: 6471.948 GC heap after
{Heap after GC invocations=69 (full 0):
 garbage-first heap   total 286720K, used 115761K [0x0000000604800000, 0x0000000800000000)
  region size 4096K, 1 young (4096K), 1 survivors (4096K)
 Metaspace       used 115750K, committed 116736K, reserved 1179648K
  class space    used 15671K, committed 16192K, reserved 1048576K
}
Event: 6596.282 GC heap before
{Heap before GC invocations=69 (full 0):
 garbage-first heap   total 286720K, used 246833K [0x0000000604800000, 0x0000000800000000)
  region size 4096K, 33 young (135168K), 1 survivors (4096K)
 Metaspace       used 115750K, committed 116736K, reserved 1179648K
  class space    used 15671K, committed 16192K, reserved 1048576K
}
Event: 6596.285 GC heap after
{Heap after GC invocations=70 (full 0):
 garbage-first heap   total 286720K, used 116002K [0x0000000604800000, 0x0000000800000000)
  region size 4096K, 1 young (4096K), 1 survivors (4096K)
 Metaspace       used 115750K, committed 116736K, reserved 1179648K
  class space    used 15671K, committed 16192K, reserved 1048576K
}
Event: 6721.635 GC heap before
{Heap before GC invocations=70 (full 0):
 garbage-first heap   total 286720K, used 247074K [0x0000000604800000, 0x0000000800000000)
  region size 4096K, 33 young (135168K), 1 survivors (4096K)
 Metaspace       used 115750K, committed 116736K, reserved 1179648K
  class space    used 15671K, committed 16192K, reserved 1048576K
}
Event: 6721.638 GC heap after
{Heap after GC invocations=71 (full 0):
 garbage-first heap   total 286720K, used 115876K [0x0000000604800000, 0x0000000800000000)
  region size 4096K, 1 young (4096K), 1 survivors (4096K)
 Metaspace       used 115750K, committed 116736K, reserved 1179648K
  class space    used 15671K, committed 16192K, reserved 1048576K
}
Event: 6847.674 GC heap before
{Heap before GC invocations=71 (full 0):
 garbage-first heap   total 286720K, used 246948K [0x0000000604800000, 0x0000000800000000)
  region size 4096K, 33 young (135168K), 1 survivors (4096K)
 Metaspace       used 115750K, committed 116736K, reserved 1179648K
  class space    used 15671K, committed 16192K, reserved 1048576K
}
Event: 6847.678 GC heap after
{Heap after GC invocations=72 (full 0):
 garbage-first heap   total 286720K, used 115791K [0x0000000604800000, 0x0000000800000000)
  region size 4096K, 1 young (4096K), 1 survivors (4096K)
 Metaspace       used 115750K, committed 116736K, reserved 1179648K
  class space    used 15671K, committed 16192K, reserved 1048576K
}
Event: 6972.308 GC heap before
{Heap before GC invocations=72 (full 0):
 garbage-first heap   total 286720K, used 246863K [0x0000000604800000, 0x0000000800000000)
  region size 4096K, 33 young (135168K), 1 survivors (4096K)
 Metaspace       used 115750K, committed 116736K, reserved 1179648K
  class space    used 15671K, committed 16192K, reserved 1048576K
}
Event: 6972.312 GC heap after
{Heap after GC invocations=73 (full 0):
 garbage-first heap   total 286720K, used 115730K [0x0000000604800000, 0x0000000800000000)
  region size 4096K, 1 young (4096K), 1 survivors (4096K)
 Metaspace       used 115750K, committed 116736K, reserved 1179648K
  class space    used 15671K, committed 16192K, reserved 1048576K
}
Event: 7068.472 GC heap before
{Heap before GC invocations=73 (full 0):
 garbage-first heap   total 286720K, used 246802K [0x0000000604800000, 0x0000000800000000)
  region size 4096K, 33 young (135168K), 1 survivors (4096K)
 Metaspace       used 115780K, committed 116800K, reserved 1179648K
  class space    used 15676K, committed 16192K, reserved 1048576K
}
Event: 7068.476 GC heap after
{Heap after GC invocations=74 (full 0):
 garbage-first heap   total 286720K, used 116253K [0x0000000604800000, 0x0000000800000000)
  region size 4096K, 1 young (4096K), 1 survivors (4096K)
 Metaspace       used 115780K, committed 116800K, reserved 1179648K
  class space    used 15676K, committed 16192K, reserved 1048576K
}
Event: 7087.013 GC heap before
{Heap before GC invocations=74 (full 0):
 garbage-first heap   total 286720K, used 247325K [0x0000000604800000, 0x0000000800000000)
  region size 4096K, 33 young (135168K), 1 survivors (4096K)
 Metaspace       used 116907K, committed 118080K, reserved 1179648K
  class space    used 15894K, committed 16448K, reserved 1048576K
}
Event: 7087.020 GC heap after
{Heap after GC invocations=75 (full 0):
 garbage-first heap   total 286720K, used 127610K [0x0000000604800000, 0x0000000800000000)
  region size 4096K, 4 young (16384K), 4 survivors (16384K)
 Metaspace       used 116907K, committed 118080K, reserved 1179648K
  class space    used 15894K, committed 16448K, reserved 1048576K
}
Event: 7087.207 GC heap before
{Heap before GC invocations=75 (full 0):
 garbage-first heap   total 286720K, used 234106K [0x0000000604800000, 0x0000000800000000)
  region size 4096K, 30 young (122880K), 4 survivors (16384K)
 Metaspace       used 117044K, committed 118208K, reserved 1179648K
  class space    used 15910K, committed 16448K, reserved 1048576K
}
Event: 7087.220 GC heap after
{Heap after GC invocations=76 (full 0):
 garbage-first heap   total 286720K, used 142111K [0x0000000604800000, 0x0000000800000000)
  region size 4096K, 4 young (16384K), 4 survivors (16384K)
 Metaspace       used 117044K, committed 118208K, reserved 1179648K
  class space    used 15910K, committed 16448K, reserved 1048576K
}
Event: 7130.006 GC heap before
{Heap before GC invocations=76 (full 0):
 garbage-first heap   total 286720K, used 228127K [0x0000000604800000, 0x0000000800000000)
  region size 4096K, 25 young (102400K), 4 survivors (16384K)
 Metaspace       used 117205K, committed 118464K, reserved 1179648K
  class space    used 15951K, committed 16576K, reserved 1048576K
}
Event: 7130.020 GC heap after
{Heap after GC invocations=77 (full 0):
 garbage-first heap   total 286720K, used 148513K [0x0000000604800000, 0x0000000800000000)
  region size 4096K, 2 young (8192K), 2 survivors (8192K)
 Metaspace       used 117205K, committed 118464K, reserved 1179648K
  class space    used 15951K, committed 16576K, reserved 1048576K
}

