# JRE version: OpenJDK Runtime Environment Temurin-17.0.18+8 (17.0.18+8) (build 17.0.18+8)
# Java VM: OpenJDK 64-Bit Server VM Temurin-17.0.18+8 (17.0.18+8, mixed mode, emulated-client, sharing, tiered, compressed oops, compressed class ptrs, g1 gc, windows-amd64)
GC Precious Log:
 CPUs: 8 total, 8 available
 Memory: 32466M
 Large Page Support: Disabled
 NUMA Support: Disabled
 Compressed Oops: Enabled (Zero based)
 Heap Region Size: 4M
 Heap Min Capacity: 8M
 Heap Initial Capacity: 508M
 Heap Max Capacity: 8120M
 Pre-touch: Disabled
 Parallel Workers: 8
 Concurrent Workers: 2
 Concurrent Refinement Workers: 8
 Periodic GC: Disabled
Heap:
 garbage-first heap   total 409600K, used 112126K [0x0000000604800000, 0x0000000800000000)
  region size 4096K, 2 young (8192K), 1 survivors (4096K)
 Metaspace       used 117373K, committed 118400K, reserved 1179648K
  class space    used 15900K, committed 16384K, reserved 1048576K
GC Heap History (20 events):
Event: 1195.681 GC heap before
{Heap before GC invocations=44 (full 0):
 garbage-first heap   total 438272K, used 362797K [0x0000000604800000, 0x0000000800000000)
  region size 4096K, 61 young (249856K), 1 survivors (4096K)
 Metaspace       used 117160K, committed 118016K, reserved 1179648K
  class space    used 15842K, committed 16256K, reserved 1048576K
}
Event: 1195.684 GC heap after
{Heap after GC invocations=45 (full 0):
 garbage-first heap   total 438272K, used 116457K [0x0000000604800000, 0x0000000800000000)
  region size 4096K, 1 young (4096K), 1 survivors (4096K)
 Metaspace       used 117160K, committed 118016K, reserved 1179648K
  class space    used 15842K, committed 16256K, reserved 1048576K
}
Event: 1395.739 GC heap before
{Heap before GC invocations=46 (full 0):
 garbage-first heap   total 425984K, used 366313K [0x0000000604800000, 0x0000000800000000)
  region size 4096K, 62 young (253952K), 1 survivors (4096K)
 Metaspace       used 117120K, committed 118016K, reserved 1179648K
  class space    used 15831K, committed 16256K, reserved 1048576K
}
Event: 1395.743 GC heap after
{Heap after GC invocations=47 (full 0):
 garbage-first heap   total 425984K, used 116755K [0x0000000604800000, 0x0000000800000000)
  region size 4096K, 1 young (4096K), 1 survivors (4096K)
 Metaspace       used 117120K, committed 118016K, reserved 1179648K
  class space    used 15831K, committed 16256K, reserved 1048576K
}
Event: 1410.481 GC heap before
{Heap before GC invocations=47 (full 0):
 garbage-first heap   total 425984K, used 133139K [0x0000000604800000, 0x0000000800000000)
  region size 4096K, 5 young (20480K), 1 survivors (4096K)
 Metaspace       used 117120K, committed 118016K, reserved 1179648K
  class space    used 15831K, committed 16256K, reserved 1048576K
}
Event: 1410.489 GC heap after
{Heap after GC invocations=48 (full 0):
 garbage-first heap   total 425984K, used 115004K [0x0000000604800000, 0x0000000800000000)
  region size 4096K, 1 young (4096K), 1 survivors (4096K)
 Metaspace       used 117120K, committed 118016K, reserved 1179648K
  class space    used 15831K, committed 16256K, reserved 1048576K
}
Event: 1634.220 GC heap before
{Heap before GC invocations=48 (full 0):
 garbage-first heap   total 425984K, used 360764K [0x0000000604800000, 0x0000000800000000)
  region size 4096K, 61 young (249856K), 1 survivors (4096K)
 Metaspace       used 117120K, committed 118016K, reserved 1179648K
  class space    used 15831K, committed 16256K, reserved 1048576K
}
Event: 1634.223 GC heap after
{Heap after GC invocations=49 (full 0):
 garbage-first heap   total 425984K, used 114838K [0x0000000604800000, 0x0000000800000000)
  region size 4096K, 1 young (4096K), 1 survivors (4096K)
 Metaspace       used 117120K, committed 118016K, reserved 1179648K
  class space    used 15831K, committed 16256K, reserved 1048576K
}
Event: 1802.409 GC heap before
{Heap before GC invocations=50 (full 0):
 garbage-first heap   total 409600K, used 364694K [0x0000000604800000, 0x0000000800000000)
  region size 4096K, 62 young (253952K), 1 survivors (4096K)
 Metaspace       used 117210K, committed 118080K, reserved 1179648K
  class space    used 15851K, committed 16256K, reserved 1048576K
}
Event: 1802.413 GC heap after
{Heap after GC invocations=51 (full 0):
 garbage-first heap   total 409600K, used 117587K [0x0000000604800000, 0x0000000800000000)
  region size 4096K, 1 young (4096K), 1 survivors (4096K)
 Metaspace       used 117210K, committed 118080K, reserved 1179648K
  class space    used 15851K, committed 16256K, reserved 1048576K
}
Event: 1813.431 GC heap before
{Heap before GC invocations=51 (full 0):
 garbage-first heap   total 409600K, used 133971K [0x0000000604800000, 0x0000000800000000)
  region size 4096K, 5 young (20480K), 1 survivors (4096K)
 Metaspace       used 117210K, committed 118080K, reserved 1179648K
  class space    used 15851K, committed 16256K, reserved 1048576K
}
Event: 1813.439 GC heap after
{Heap after GC invocations=52 (full 0):
 garbage-first heap   total 409600K, used 114997K [0x0000000604800000, 0x0000000800000000)
  region size 4096K, 1 young (4096K), 1 survivors (4096K)
 Metaspace       used 117210K, committed 118080K, reserved 1179648K
  class space    used 15851K, committed 16256K, reserved 1048576K
}
Event: 1993.067 GC heap before
{Heap before GC invocations=52 (full 0):
 garbage-first heap   total 409600K, used 348469K [0x0000000604800000, 0x0000000800000000)
  region size 4096K, 58 young (237568K), 1 survivors (4096K)
 Metaspace       used 117224K, committed 118144K, reserved 1179648K
  class space    used 15855K, committed 16320K, reserved 1048576K
}
Event: 1993.070 GC heap after
{Heap after GC invocations=53 (full 0):
 garbage-first heap   total 409600K, used 115668K [0x0000000604800000, 0x0000000800000000)
  region size 4096K, 1 young (4096K), 1 survivors (4096K)
 Metaspace       used 117224K, committed 118144K, reserved 1179648K
  class space    used 15855K, committed 16320K, reserved 1048576K
}
Event: 2158.380 GC heap before
{Heap before GC invocations=54 (full 0):
 garbage-first heap   total 409600K, used 349140K [0x0000000604800000, 0x0000000800000000)
  region size 4096K, 58 young (237568K), 1 survivors (4096K)
 Metaspace       used 117367K, committed 118400K, reserved 1179648K
  class space    used 15900K, committed 16384K, reserved 1048576K
}
Event: 2158.383 GC heap after
{Heap after GC invocations=55 (full 0):
 garbage-first heap   total 409600K, used 116176K [0x0000000604800000, 0x0000000800000000)
  region size 4096K, 1 young (4096K), 1 survivors (4096K)
 Metaspace       used 117367K, committed 118400K, reserved 1179648K
  class space    used 15900K, committed 16384K, reserved 1048576K
}
Event: 2173.206 GC heap before
{Heap before GC invocations=55 (full 0):
 garbage-first heap   total 409600K, used 132560K [0x0000000604800000, 0x0000000800000000)
  region size 4096K, 5 young (20480K), 1 survivors (4096K)
 Metaspace       used 117367K, committed 118400K, reserved 1179648K
  class space    used 15900K, committed 16384K, reserved 1048576K
}
Event: 2173.219 GC heap after
{Heap after GC invocations=56 (full 0):
 garbage-first heap   total 409600K, used 112139K [0x0000000604800000, 0x0000000800000000)
  region size 4096K, 1 young (4096K), 1 survivors (4096K)
 Metaspace       used 117367K, committed 118400K, reserved 1179648K
  class space    used 15900K, committed 16384K, reserved 1048576K
}
Event: 2365.674 GC heap before
{Heap before GC invocations=56 (full 0):
 garbage-first heap   total 409600K, used 349707K [0x0000000604800000, 0x0000000800000000)
  region size 4096K, 59 young (241664K), 1 survivors (4096K)
 Metaspace       used 117373K, committed 118400K, reserved 1179648K
  class space    used 15900K, committed 16384K, reserved 1048576K
}
Event: 2365.677 GC heap after
{Heap after GC invocations=57 (full 0):
 garbage-first heap   total 409600K, used 112126K [0x0000000604800000, 0x0000000800000000)
  region size 4096K, 1 young (4096K), 1 survivors (4096K)
 Metaspace       used 117373K, committed 118400K, reserved 1179648K
  class space    used 15900K, committed 16384K, reserved 1048576K
}

