# JRE version: OpenJDK Runtime Environment Temurin-17.0.18+8 (17.0.18+8) (build 17.0.18+8)
# Java VM: OpenJDK 64-Bit Server VM Temurin-17.0.18+8 (17.0.18+8, mixed mode, emulated-client, sharing, tiered, compressed oops, compressed class ptrs, g1 gc, windows-amd64)
GC Precious Log:
 CPUs: 8 total, 8 available
 Memory: 32466M
 Large Page Support: Disabled
 NUMA Support: Disabled
 Compressed Oops: Enabled (Zero based)
 Heap Region Size: 4M
 Heap Min Capacity: 8M
 Heap Initial Capacity: 508M
 Heap Max Capacity: 8120M
 Pre-touch: Disabled
 Parallel Workers: 8
 Concurrent Workers: 2
 Concurrent Refinement Workers: 8
 Periodic GC: Disabled
Heap:
 garbage-first heap   total 397312K, used 214646K [0x0000000604800000, 0x0000000800000000)
  region size 4096K, 28 young (114688K), 1 survivors (4096K)
 Metaspace       used 117962K, committed 119232K, reserved 1179648K
  class space    used 16005K, committed 16640K, reserved 1048576K
GC Heap History (20 events):
Event: 28618.625 GC heap before
{Heap before GC invocations=83 (full 0):
 garbage-first heap   total 397312K, used 338378K [0x0000000604800000, 0x0000000800000000)
  region size 4096K, 56 young (229376K), 1 survivors (4096K)
 Metaspace       used 117914K, committed 119232K, reserved 1179648K
  class space    used 16003K, committed 16640K, reserved 1048576K
}
Event: 28618.630 GC heap after
{Heap after GC invocations=84 (full 0):
 garbage-first heap   total 397312K, used 113738K [0x0000000604800000, 0x0000000800000000)
  region size 4096K, 1 young (4096K), 1 survivors (4096K)
 Metaspace       used 117914K, committed 119232K, reserved 1179648K
  class space    used 16003K, committed 16640K, reserved 1048576K
}
Event: 28859.779 GC heap before
{Heap before GC invocations=85 (full 0):
 garbage-first heap   total 397312K, used 343114K [0x0000000604800000, 0x0000000800000000)
  region size 4096K, 57 young (233472K), 1 survivors (4096K)
 Metaspace       used 117796K, committed 119232K, reserved 1179648K
  class space    used 15977K, committed 16640K, reserved 1048576K
}
Event: 28859.784 GC heap after
{Heap after GC invocations=86 (full 0):
 garbage-first heap   total 397312K, used 112568K [0x0000000604800000, 0x0000000800000000)
  region size 4096K, 1 young (4096K), 1 survivors (4096K)
 Metaspace       used 117796K, committed 119232K, reserved 1179648K
  class space    used 15977K, committed 16640K, reserved 1048576K
}
Event: 28872.608 GC heap before
{Heap before GC invocations=86 (full 0):
 garbage-first heap   total 397312K, used 124856K [0x0000000604800000, 0x0000000800000000)
  region size 4096K, 4 young (16384K), 1 survivors (4096K)
 Metaspace       used 117796K, committed 119232K, reserved 1179648K
  class space    used 15977K, committed 16640K, reserved 1048576K
}
Event: 28872.618 GC heap after
{Heap after GC invocations=87 (full 0):
 garbage-first heap   total 397312K, used 111199K [0x0000000604800000, 0x0000000800000000)
  region size 4096K, 1 young (4096K), 1 survivors (4096K)
 Metaspace       used 117796K, committed 119232K, reserved 1179648K
  class space    used 15977K, committed 16640K, reserved 1048576K
}
Event: 29049.660 GC heap before
{Heap before GC invocations=87 (full 0):
 garbage-first heap   total 397312K, used 340575K [0x0000000604800000, 0x0000000800000000)
  region size 4096K, 57 young (233472K), 1 survivors (4096K)
 Metaspace       used 117956K, committed 119232K, reserved 1179648K
  class space    used 16004K, committed 16640K, reserved 1048576K
}
Event: 29049.668 GC heap after
{Heap after GC invocations=88 (full 0):
 garbage-first heap   total 397312K, used 112734K [0x0000000604800000, 0x0000000800000000)
  region size 4096K, 1 young (4096K), 1 survivors (4096K)
 Metaspace       used 117956K, committed 119232K, reserved 1179648K
  class space    used 16004K, committed 16640K, reserved 1048576K
}
Event: 29285.167 GC heap before
{Heap before GC invocations=89 (full 0):
 garbage-first heap   total 397312K, used 342110K [0x0000000604800000, 0x0000000800000000)
  region size 4096K, 57 young (233472K), 1 survivors (4096K)
 Metaspace       used 117957K, committed 119232K, reserved 1179648K
  class space    used 16004K, committed 16640K, reserved 1048576K
}
Event: 29285.174 GC heap after
{Heap after GC invocations=90 (full 0):
 garbage-first heap   total 397312K, used 112568K [0x0000000604800000, 0x0000000800000000)
  region size 4096K, 1 young (4096K), 1 survivors (4096K)
 Metaspace       used 117957K, committed 119232K, reserved 1179648K
  class space    used 16004K, committed 16640K, reserved 1048576K
}
Event: 29297.967 GC heap before
{Heap before GC invocations=90 (full 0):
 garbage-first heap   total 397312K, used 124856K [0x0000000604800000, 0x0000000800000000)
  region size 4096K, 4 young (16384K), 1 survivors (4096K)
 Metaspace       used 117957K, committed 119232K, reserved 1179648K
  class space    used 16004K, committed 16640K, reserved 1048576K
}
Event: 29297.993 GC heap after
{Heap after GC invocations=91 (full 0):
 garbage-first heap   total 397312K, used 109642K [0x0000000604800000, 0x0000000800000000)
  region size 4096K, 1 young (4096K), 1 survivors (4096K)
 Metaspace       used 117957K, committed 119232K, reserved 1179648K
  class space    used 16004K, committed 16640K, reserved 1048576K
}
Event: 29545.280 GC heap before
{Heap before GC invocations=91 (full 0):
 garbage-first heap   total 397312K, used 343114K [0x0000000604800000, 0x0000000800000000)
  region size 4096K, 58 young (237568K), 1 survivors (4096K)
 Metaspace       used 117957K, committed 119232K, reserved 1179648K
  class space    used 16004K, committed 16640K, reserved 1048576K
}
Event: 29545.291 GC heap after
{Heap after GC invocations=92 (full 0):
 garbage-first heap   total 397312K, used 109589K [0x0000000604800000, 0x0000000800000000)
  region size 4096K, 1 young (4096K), 1 survivors (4096K)
 Metaspace       used 117957K, committed 119232K, reserved 1179648K
  class space    used 16004K, committed 16640K, reserved 1048576K
}
Event: 29796.190 GC heap before
{Heap before GC invocations=93 (full 0):
 garbage-first heap   total 397312K, used 343061K [0x0000000604800000, 0x0000000800000000)
  region size 4096K, 58 young (237568K), 1 survivors (4096K)
 Metaspace       used 117957K, committed 119232K, reserved 1179648K
  class space    used 16004K, committed 16640K, reserved 1048576K
}
Event: 29796.196 GC heap after
{Heap after GC invocations=94 (full 0):
 garbage-first heap   total 397312K, used 108910K [0x0000000604800000, 0x0000000800000000)
  region size 4096K, 1 young (4096K), 1 survivors (4096K)
 Metaspace       used 117957K, committed 119232K, reserved 1179648K
  class space    used 16004K, committed 16640K, reserved 1048576K
}
Event: 29809.515 GC heap before
{Heap before GC invocations=94 (full 0):
 garbage-first heap   total 397312K, used 121198K [0x0000000604800000, 0x0000000800000000)
  region size 4096K, 4 young (16384K), 1 survivors (4096K)
 Metaspace       used 117957K, committed 119232K, reserved 1179648K
  class space    used 16004K, committed 16640K, reserved 1048576K
}
Event: 29809.528 GC heap after
{Heap after GC invocations=95 (full 0):
 garbage-first heap   total 397312K, used 108088K [0x0000000604800000, 0x0000000800000000)
  region size 4096K, 1 young (4096K), 1 survivors (4096K)
 Metaspace       used 117957K, committed 119232K, reserved 1179648K
  class space    used 16004K, committed 16640K, reserved 1048576K
}
Event: 30062.814 GC heap before
{Heap before GC invocations=95 (full 0):
 garbage-first heap   total 397312K, used 341560K [0x0000000604800000, 0x0000000800000000)
  region size 4096K, 58 young (237568K), 1 survivors (4096K)
 Metaspace       used 117957K, committed 119232K, reserved 1179648K
  class space    used 16004K, committed 16640K, reserved 1048576K
}
Event: 30062.822 GC heap after
{Heap after GC invocations=96 (full 0):
 garbage-first heap   total 397312K, used 108150K [0x0000000604800000, 0x0000000800000000)
  region size 4096K, 1 young (4096K), 1 survivors (4096K)
 Metaspace       used 117957K, committed 119232K, reserved 1179648K
  class space    used 16004K, committed 16640K, reserved 1048576K
}

