# JRE version: Java(TM) SE Runtime Environment (25.0.1+8) (build 25.0.1+8-LTS-27)
# Java VM: Java HotSpot(TM) 64-Bit Server VM (25.0.1+8-LTS-27, mixed mode, emulated-client, sharing, tiered, compressed oops, compressed class ptrs, g1 gc, windows-amd64)
GC Precious Log:
 CardTable entry size: 512
 Card Set container configuration: InlinePtr #cards 4 size 8 Array Of Cards #cards 32 size 80 Howl #buckets 8 coarsen threshold 7372 Howl Bitmap #cards 1024 size 144 coarsen threshold 921 Card regions per heap region 1 cards per card region 8192
 CPUs: 8 total, 8 available
 Memory: 32466M
 Large Page Support: Disabled
 NUMA Support: Disabled
 Compressed Oops: Enabled (Zero based)
 Heap Region Size: 4M
 Heap Min Capacity: 8M
 Heap Initial Capacity: 508M
 Heap Max Capacity: 8120M
 Pre-touch: Disabled
 Parallel Workers: 8
 Concurrent Workers: 2
 Concurrent Refinement Workers: 8
 Periodic GC: Disabled
Heap:
 garbage-first heap   total reserved 8314880K, committed 151552K, used 89878K [0x0000000604800000, 0x0000000800000000)
  region size 4096K, 14 young (57344K), 0 survivors (0K)
GC Heap Usage History (20 events):
Event: 12.369 {heap Before GC invocations=16 (full 0):
 garbage-first heap   total reserved 8314880K, committed 122880K, used 102988K [0x0000000604800000, 0x0000000800000000)
  region size 4096K, 18 young (73728K), 2 survivors (8192K)
}
Event: 12.376 {heap After GC invocations=17 (full 0):
 garbage-first heap   total reserved 8314880K, committed 122880K, used 41119K [0x0000000604800000, 0x0000000800000000)
  region size 4096K, 2 young (8192K), 2 survivors (8192K)
}
Event: 12.899 {heap Before GC invocations=17 (full 0):
 garbage-first heap   total reserved 8314880K, committed 122880K, used 106655K [0x0000000604800000, 0x0000000800000000)
  region size 4096K, 18 young (73728K), 2 survivors (8192K)
}
Event: 12.905 {heap After GC invocations=18 (full 0):
 garbage-first heap   total reserved 8314880K, committed 323584K, used 39960K [0x0000000604800000, 0x0000000800000000)
  region size 4096K, 2 young (8192K), 2 survivors (8192K)
}
Event: 28.501 {heap Before GC invocations=18 (full 0):
 garbage-first heap   total reserved 8314880K, committed 323584K, used 220184K [0x0000000604800000, 0x0000000800000000)
  region size 4096K, 47 young (192512K), 2 survivors (8192K)
}
Event: 28.537 {heap After GC invocations=19 (full 0):
 garbage-first heap   total reserved 8314880K, committed 323584K, used 50386K [0x0000000604800000, 0x0000000800000000)
  region size 4096K, 4 young (16384K), 4 survivors (16384K)
}
Event: 70.048 {heap Before GC invocations=19 (full 0):
 garbage-first heap   total reserved 8314880K, committed 323584K, used 79058K [0x0000000604800000, 0x0000000800000000)
  region size 4096K, 12 young (49152K), 4 survivors (16384K)
}
Event: 70.081 {heap After GC invocations=20 (full 0):
 garbage-first heap   total reserved 8314880K, committed 323584K, used 51169K [0x0000000604800000, 0x0000000800000000)
  region size 4096K, 3 young (12288K), 3 survivors (12288K)
}
Event: 2006.239 {heap Before GC invocations=21 (full 0):
 garbage-first heap   total reserved 8314880K, committed 192512K, used 153569K [0x0000000604800000, 0x0000000800000000)
  region size 4096K, 28 young (114688K), 3 survivors (12288K)
}
Event: 2006.246 {heap After GC invocations=22 (full 0):
 garbage-first heap   total reserved 8314880K, committed 192512K, used 52408K [0x0000000604800000, 0x0000000800000000)
  region size 4096K, 1 young (4096K), 1 survivors (4096K)
}
Event: 2262.269 {heap Before GC invocations=22 (full 0):
 garbage-first heap   total reserved 8314880K, committed 192512K, used 163000K [0x0000000604800000, 0x0000000800000000)
  region size 4096K, 28 young (114688K), 1 survivors (4096K)
}
Event: 2262.273 {heap After GC invocations=23 (full 0):
 garbage-first heap   total reserved 8314880K, committed 192512K, used 53186K [0x0000000604800000, 0x0000000800000000)
  region size 4096K, 1 young (4096K), 1 survivors (4096K)
}
Event: 2668.548 {heap Before GC invocations=23 (full 0):
 garbage-first heap   total reserved 8314880K, committed 192512K, used 163778K [0x0000000604800000, 0x0000000800000000)
  region size 4096K, 28 young (114688K), 1 survivors (4096K)
}
Event: 2668.550 {heap After GC invocations=24 (full 0):
 garbage-first heap   total reserved 8314880K, committed 192512K, used 52832K [0x0000000604800000, 0x0000000800000000)
  region size 4096K, 1 young (4096K), 1 survivors (4096K)
}
Event: 3074.439 {heap Before GC invocations=24 (full 0):
 garbage-first heap   total reserved 8314880K, committed 192512K, used 163424K [0x0000000604800000, 0x0000000800000000)
  region size 4096K, 28 young (114688K), 1 survivors (4096K)
}
Event: 3074.443 {heap After GC invocations=25 (full 0):
 garbage-first heap   total reserved 8314880K, committed 192512K, used 52826K [0x0000000604800000, 0x0000000800000000)
  region size 4096K, 1 young (4096K), 1 survivors (4096K)
}
Event: 3411.540 {heap Before GC invocations=26 (full 0):
 garbage-first heap   total reserved 8314880K, committed 192512K, used 163418K [0x0000000604800000, 0x0000000800000000)
  region size 4096K, 28 young (114688K), 1 survivors (4096K)
}
Event: 3411.544 {heap After GC invocations=27 (full 0):
 garbage-first heap   total reserved 8314880K, committed 192512K, used 53374K [0x0000000604800000, 0x0000000800000000)
  region size 4096K, 1 young (4096K), 1 survivors (4096K)
}
Event: 3645.983 {heap Before GC invocations=27 (full 0):
 garbage-first heap   total reserved 8314880K, committed 192512K, used 118910K [0x0000000604800000, 0x0000000800000000)
  region size 4096K, 18 young (73728K), 1 survivors (4096K)
}
Event: 3646.056 {heap After GC invocations=28 (full 1):
 garbage-first heap   total reserved 8314880K, committed 151552K, used 36630K [0x0000000604800000, 0x0000000800000000)
  region size 4096K, 0 young (0K), 0 survivors (0K)
}

