# JRE version: OpenJDK Runtime Environment Temurin-17.0.18+8 (17.0.18+8) (build 17.0.18+8)
# Java VM: OpenJDK 64-Bit Server VM Temurin-17.0.18+8 (17.0.18+8, mixed mode, emulated-client, sharing, tiered, compressed oops, compressed class ptrs, g1 gc, windows-amd64)
GC Precious Log:
 CPUs: 8 total, 8 available
 Memory: 32466M
 Large Page Support: Disabled
 NUMA Support: Disabled
 Compressed Oops: Enabled (Zero based)
 Heap Region Size: 4M
 Heap Min Capacity: 8M
 Heap Initial Capacity: 508M
 Heap Max Capacity: 8120M
 Pre-touch: Disabled
 Parallel Workers: 8
 Concurrent Workers: 2
 Concurrent Refinement Workers: 8
 Periodic GC: Disabled
Heap:
 garbage-first heap   total 626688K, used 201464K [0x0000000604800000, 0x0000000800000000)
  region size 4096K, 13 young (53248K), 3 survivors (12288K)
 Metaspace       used 131122K, committed 132416K, reserved 1179648K
  class space    used 16754K, committed 17344K, reserved 1048576K
GC Heap History (20 events):
Event: 42756.279 GC heap before
{Heap before GC invocations=73 (full 1):
 garbage-first heap   total 344064K, used 262565K [0x0000000604800000, 0x0000000800000000)
  region size 4096K, 39 young (159744K), 1 survivors (4096K)
 Metaspace       used 123242K, committed 124480K, reserved 1179648K
  class space    used 16298K, committed 16896K, reserved 1048576K
}
Event: 42756.287 GC heap after
{Heap after GC invocations=74 (full 1):
 garbage-first heap   total 344064K, used 108189K [0x0000000604800000, 0x0000000800000000)
  region size 4096K, 1 young (4096K), 1 survivors (4096K)
 Metaspace       used 123242K, committed 124480K, reserved 1179648K
  class space    used 16298K, committed 16896K, reserved 1048576K
}
Event: 42757.871 GC heap before
{Heap before GC invocations=74 (full 1):
 garbage-first heap   total 344064K, used 267933K [0x0000000604800000, 0x0000000800000000)
  region size 4096K, 40 young (163840K), 1 survivors (4096K)
 Metaspace       used 123293K, committed 124480K, reserved 1179648K
  class space    used 16304K, committed 16896K, reserved 1048576K
}
Event: 42757.880 GC heap after
{Heap after GC invocations=75 (full 1):
 garbage-first heap   total 344064K, used 118084K [0x0000000604800000, 0x0000000800000000)
  region size 4096K, 4 young (16384K), 4 survivors (16384K)
 Metaspace       used 123293K, committed 124480K, reserved 1179648K
  class space    used 16304K, committed 16896K, reserved 1048576K
}
Event: 42759.248 GC heap before
{Heap before GC invocations=75 (full 1):
 garbage-first heap   total 344064K, used 261444K [0x0000000604800000, 0x0000000800000000)
  region size 4096K, 39 young (159744K), 4 survivors (16384K)
 Metaspace       used 124261K, committed 125504K, reserved 1179648K
  class space    used 16358K, committed 16960K, reserved 1048576K
}
Event: 42759.258 GC heap after
{Heap after GC invocations=76 (full 1):
 garbage-first heap   total 344064K, used 125404K [0x0000000604800000, 0x0000000800000000)
  region size 4096K, 5 young (20480K), 5 survivors (20480K)
 Metaspace       used 124261K, committed 125504K, reserved 1179648K
  class space    used 16358K, committed 16960K, reserved 1048576K
}
Event: 42788.208 GC heap before
{Heap before GC invocations=76 (full 1):
 garbage-first heap   total 344064K, used 260572K [0x0000000604800000, 0x0000000800000000)
  region size 4096K, 38 young (155648K), 5 survivors (20480K)
 Metaspace       used 125062K, committed 126400K, reserved 1179648K
  class space    used 16414K, committed 17024K, reserved 1048576K
}
Event: 42788.235 GC heap after
{Heap after GC invocations=77 (full 1):
 garbage-first heap   total 344064K, used 133566K [0x0000000604800000, 0x0000000800000000)
  region size 4096K, 5 young (20480K), 5 survivors (20480K)
 Metaspace       used 125062K, committed 126400K, reserved 1179648K
  class space    used 16414K, committed 17024K, reserved 1048576K
}
Event: 42790.517 GC heap before
{Heap before GC invocations=77 (full 1):
 garbage-first heap   total 344064K, used 256446K [0x0000000604800000, 0x0000000800000000)
  region size 4096K, 36 young (147456K), 5 survivors (20480K)
 Metaspace       used 129235K, committed 130496K, reserved 1179648K
  class space    used 16585K, committed 17152K, reserved 1048576K
}
Event: 42790.541 GC heap after
{Heap after GC invocations=78 (full 1):
 garbage-first heap   total 344064K, used 143529K [0x0000000604800000, 0x0000000800000000)
  region size 4096K, 5 young (20480K), 5 survivors (20480K)
 Metaspace       used 129235K, committed 130496K, reserved 1179648K
  class space    used 16585K, committed 17152K, reserved 1048576K
}
Event: 42792.997 GC heap before
{Heap before GC invocations=78 (full 1):
 garbage-first heap   total 344064K, used 262313K [0x0000000604800000, 0x0000000800000000)
  region size 4096K, 34 young (139264K), 5 survivors (20480K)
 Metaspace       used 129662K, committed 130944K, reserved 1179648K
  class space    used 16623K, committed 17216K, reserved 1048576K
}
Event: 42793.024 GC heap after
{Heap after GC invocations=79 (full 1):
 garbage-first heap   total 344064K, used 150573K [0x0000000604800000, 0x0000000800000000)
  region size 4096K, 5 young (20480K), 5 survivors (20480K)
 Metaspace       used 129662K, committed 130944K, reserved 1179648K
  class space    used 16623K, committed 17216K, reserved 1048576K
}
Event: 42793.859 GC heap before
{Heap before GC invocations=79 (full 1):
 garbage-first heap   total 344064K, used 261165K [0x0000000604800000, 0x0000000800000000)
  region size 4096K, 32 young (131072K), 5 survivors (20480K)
 Metaspace       used 130188K, committed 131456K, reserved 1179648K
  class space    used 16678K, committed 17280K, reserved 1048576K
}
Event: 42793.867 GC heap after
{Heap after GC invocations=80 (full 1):
 garbage-first heap   total 344064K, used 154081K [0x0000000604800000, 0x0000000800000000)
  region size 4096K, 3 young (12288K), 3 survivors (12288K)
 Metaspace       used 130188K, committed 131456K, reserved 1179648K
  class space    used 16678K, committed 17280K, reserved 1048576K
}
Event: 42794.975 GC heap before
{Heap before GC invocations=80 (full 1):
 garbage-first heap   total 344064K, used 264673K [0x0000000604800000, 0x0000000800000000)
  region size 4096K, 30 young (122880K), 3 survivors (12288K)
 Metaspace       used 130639K, committed 131904K, reserved 1179648K
  class space    used 16723K, committed 17280K, reserved 1048576K
}
Event: 42794.984 GC heap after
{Heap after GC invocations=81 (full 1):
 garbage-first heap   total 344064K, used 156629K [0x0000000604800000, 0x0000000800000000)
  region size 4096K, 3 young (12288K), 3 survivors (12288K)
 Metaspace       used 130639K, committed 131904K, reserved 1179648K
  class space    used 16723K, committed 17280K, reserved 1048576K
}
Event: 42795.557 GC heap before
{Heap before GC invocations=81 (full 1):
 garbage-first heap   total 344064K, used 263125K [0x0000000604800000, 0x0000000800000000)
  region size 4096K, 29 young (118784K), 3 survivors (12288K)
 Metaspace       used 130646K, committed 131968K, reserved 1179648K
  class space    used 16728K, committed 17344K, reserved 1048576K
}
Event: 42795.563 GC heap after
{Heap after GC invocations=82 (full 1):
 garbage-first heap   total 344064K, used 162076K [0x0000000604800000, 0x0000000800000000)
  region size 4096K, 4 young (16384K), 4 survivors (16384K)
 Metaspace       used 130646K, committed 131968K, reserved 1179648K
  class space    used 16728K, committed 17344K, reserved 1048576K
}
Event: 42796.642 GC heap before
{Heap before GC invocations=82 (full 1):
 garbage-first heap   total 344064K, used 264476K [0x0000000604800000, 0x0000000800000000)
  region size 4096K, 29 young (118784K), 4 survivors (16384K)
 Metaspace       used 130765K, committed 132032K, reserved 1179648K
  class space    used 16735K, committed 17344K, reserved 1048576K
}
Event: 42796.650 GC heap after
{Heap after GC invocations=83 (full 1):
 garbage-first heap   total 626688K, used 164600K [0x0000000604800000, 0x0000000800000000)
  region size 4096K, 3 young (12288K), 3 survivors (12288K)
 Metaspace       used 130765K, committed 132032K, reserved 1179648K
  class space    used 16735K, committed 17344K, reserved 1048576K
}

